{"C:\\Users\\hunte\\OneDrive\\Desktop\\SHAW SOLUTIONS\\Full Sail -- MAIN\\DEMOS\\Testing Your Own Codebase\\src\\index.js": {"path":"C:\\Users\\hunte\\OneDrive\\Desktop\\SHAW SOLUTIONS\\Full Sail -- MAIN\\DEMOS\\Testing Your Own Codebase\\src\\index.js","statementMap":{"0":{"start":{"line":45,"column":0},"end":{"line":45,"column":47}},"1":{"start":{"line":47,"column":0},"end":{"line":181,"column":5}},"2":{"start":{"line":49,"column":26},"end":{"line":49,"column":69}},"3":{"start":{"line":50,"column":29},"end":{"line":50,"column":74}},"4":{"start":{"line":51,"column":23},"end":{"line":51,"column":62}},"5":{"start":{"line":52,"column":31},"end":{"line":52,"column":78}},"6":{"start":{"line":55,"column":4},"end":{"line":59,"column":7}},"7":{"start":{"line":56,"column":8},"end":{"line":58,"column":11}},"8":{"start":{"line":57,"column":12},"end":{"line":57,"column":31}},"9":{"start":{"line":62,"column":23},"end":{"line":80,"column":5}},"10":{"start":{"line":64,"column":24},"end":{"line":64,"column":27}},"11":{"start":{"line":68,"column":26},"end":{"line":68,"column":48}},"12":{"start":{"line":69,"column":29},"end":{"line":69,"column":51}},"13":{"start":{"line":70,"column":8},"end":{"line":70,"column":61}},"14":{"start":{"line":71,"column":8},"end":{"line":71,"column":65}},"15":{"start":{"line":71,"column":50},"end":{"line":71,"column":63}},"16":{"start":{"line":72,"column":8},"end":{"line":72,"column":71}},"17":{"start":{"line":73,"column":20},"end":{"line":73,"column":63}},"18":{"start":{"line":73,"column":53},"end":{"line":73,"column":62}},"19":{"start":{"line":74,"column":8},"end":{"line":74,"column":25}},"20":{"start":{"line":77,"column":21},"end":{"line":77,"column":67}},"21":{"start":{"line":78,"column":8},"end":{"line":78,"column":59}},"22":{"start":{"line":79,"column":8},"end":{"line":79,"column":56}},"23":{"start":{"line":82,"column":26},"end":{"line":97,"column":5}},"24":{"start":{"line":83,"column":24},"end":{"line":83,"column":27}},"25":{"start":{"line":84,"column":18},"end":{"line":84,"column":47}},"26":{"start":{"line":85,"column":29},"end":{"line":85,"column":32}},"27":{"start":{"line":87,"column":8},"end":{"line":87,"column":24}},"28":{"start":{"line":88,"column":8},"end":{"line":88,"column":28}},"29":{"start":{"line":89,"column":8},"end":{"line":89,"column":28}},"30":{"start":{"line":90,"column":8},"end":{"line":90,"column":27}},"31":{"start":{"line":91,"column":8},"end":{"line":91,"column":25}},"32":{"start":{"line":94,"column":21},"end":{"line":94,"column":69}},"33":{"start":{"line":95,"column":8},"end":{"line":95,"column":61}},"34":{"start":{"line":96,"column":8},"end":{"line":96,"column":56}},"35":{"start":{"line":99,"column":20},"end":{"line":113,"column":5}},"36":{"start":{"line":100,"column":24},"end":{"line":100,"column":27}},"37":{"start":{"line":101,"column":18},"end":{"line":101,"column":40}},"38":{"start":{"line":102,"column":29},"end":{"line":102,"column":43}},"39":{"start":{"line":103,"column":8},"end":{"line":103,"column":44}},"40":{"start":{"line":103,"column":29},"end":{"line":103,"column":42}},"41":{"start":{"line":104,"column":8},"end":{"line":104,"column":25}},"42":{"start":{"line":105,"column":18},"end":{"line":105,"column":34}},"43":{"start":{"line":107,"column":8},"end":{"line":107,"column":25}},"44":{"start":{"line":110,"column":21},"end":{"line":110,"column":63}},"45":{"start":{"line":111,"column":8},"end":{"line":111,"column":55}},"46":{"start":{"line":112,"column":8},"end":{"line":112,"column":56}},"47":{"start":{"line":115,"column":28},"end":{"line":127,"column":5}},"48":{"start":{"line":116,"column":24},"end":{"line":116,"column":27}},"49":{"start":{"line":117,"column":18},"end":{"line":117,"column":47}},"50":{"start":{"line":118,"column":29},"end":{"line":118,"column":32}},"51":{"start":{"line":119,"column":8},"end":{"line":119,"column":25}},"52":{"start":{"line":120,"column":8},"end":{"line":120,"column":97}},"53":{"start":{"line":120,"column":41},"end":{"line":120,"column":85}},"54":{"start":{"line":121,"column":8},"end":{"line":121,"column":25}},"55":{"start":{"line":124,"column":21},"end":{"line":124,"column":71}},"56":{"start":{"line":125,"column":8},"end":{"line":125,"column":63}},"57":{"start":{"line":126,"column":8},"end":{"line":126,"column":56}},"58":{"start":{"line":140,"column":26},"end":{"line":140,"column":65}},"59":{"start":{"line":141,"column":29},"end":{"line":141,"column":70}},"60":{"start":{"line":142,"column":23},"end":{"line":142,"column":58}},"61":{"start":{"line":143,"column":31},"end":{"line":143,"column":74}},"62":{"start":{"line":146,"column":4},"end":{"line":153,"column":7}},"63":{"start":{"line":147,"column":8},"end":{"line":152,"column":9}},"64":{"start":{"line":148,"column":12},"end":{"line":148,"column":46}},"65":{"start":{"line":150,"column":12},"end":{"line":150,"column":60}},"66":{"start":{"line":151,"column":12},"end":{"line":151,"column":54}},"67":{"start":{"line":155,"column":4},"end":{"line":162,"column":7}},"68":{"start":{"line":156,"column":8},"end":{"line":161,"column":9}},"69":{"start":{"line":157,"column":12},"end":{"line":157,"column":52}},"70":{"start":{"line":159,"column":12},"end":{"line":159,"column":60}},"71":{"start":{"line":160,"column":12},"end":{"line":160,"column":54}},"72":{"start":{"line":164,"column":4},"end":{"line":171,"column":7}},"73":{"start":{"line":165,"column":8},"end":{"line":170,"column":9}},"74":{"start":{"line":166,"column":12},"end":{"line":166,"column":40}},"75":{"start":{"line":168,"column":12},"end":{"line":168,"column":60}},"76":{"start":{"line":169,"column":12},"end":{"line":169,"column":54}},"77":{"start":{"line":173,"column":4},"end":{"line":180,"column":7}},"78":{"start":{"line":174,"column":8},"end":{"line":179,"column":9}},"79":{"start":{"line":175,"column":12},"end":{"line":175,"column":56}},"80":{"start":{"line":177,"column":12},"end":{"line":177,"column":60}},"81":{"start":{"line":178,"column":12},"end":{"line":178,"column":54}}},"fnMap":{"0":{"name":"(anonymous_0)","decl":{"start":{"line":47,"column":1},"end":{"line":47,"column":2}},"loc":{"start":{"line":47,"column":7},"end":{"line":181,"column":1}},"line":47},"1":{"name":"(anonymous_1)","decl":{"start":{"line":55,"column":47},"end":{"line":55,"column":48}},"loc":{"start":{"line":55,"column":55},"end":{"line":59,"column":5}},"line":55},"2":{"name":"(anonymous_2)","decl":{"start":{"line":56,"column":40},"end":{"line":56,"column":41}},"loc":{"start":{"line":56,"column":45},"end":{"line":58,"column":9}},"line":56},"3":{"name":"(anonymous_3)","decl":{"start":{"line":62,"column":23},"end":{"line":62,"column":24}},"loc":{"start":{"line":62,"column":32},"end":{"line":80,"column":5}},"line":62},"4":{"name":"(anonymous_4)","decl":{"start":{"line":71,"column":43},"end":{"line":71,"column":44}},"loc":{"start":{"line":71,"column":50},"end":{"line":71,"column":63}},"line":71},"5":{"name":"(anonymous_5)","decl":{"start":{"line":73,"column":39},"end":{"line":73,"column":40}},"loc":{"start":{"line":73,"column":53},"end":{"line":73,"column":62}},"line":73},"6":{"name":"(anonymous_6)","decl":{"start":{"line":82,"column":26},"end":{"line":82,"column":27}},"loc":{"start":{"line":82,"column":35},"end":{"line":97,"column":5}},"line":82},"7":{"name":"(anonymous_7)","decl":{"start":{"line":99,"column":20},"end":{"line":99,"column":21}},"loc":{"start":{"line":99,"column":29},"end":{"line":113,"column":5}},"line":99},"8":{"name":"(anonymous_8)","decl":{"start":{"line":103,"column":22},"end":{"line":103,"column":23}},"loc":{"start":{"line":103,"column":29},"end":{"line":103,"column":42}},"line":103},"9":{"name":"(anonymous_9)","decl":{"start":{"line":115,"column":28},"end":{"line":115,"column":29}},"loc":{"start":{"line":115,"column":37},"end":{"line":127,"column":5}},"line":115},"10":{"name":"(anonymous_10)","decl":{"start":{"line":120,"column":33},"end":{"line":120,"column":34}},"loc":{"start":{"line":120,"column":41},"end":{"line":120,"column":85}},"line":120},"11":{"name":"(anonymous_11)","decl":{"start":{"line":146,"column":44},"end":{"line":146,"column":45}},"loc":{"start":{"line":146,"column":50},"end":{"line":153,"column":5}},"line":146},"12":{"name":"(anonymous_12)","decl":{"start":{"line":155,"column":47},"end":{"line":155,"column":48}},"loc":{"start":{"line":155,"column":53},"end":{"line":162,"column":5}},"line":155},"13":{"name":"(anonymous_13)","decl":{"start":{"line":164,"column":41},"end":{"line":164,"column":42}},"loc":{"start":{"line":164,"column":47},"end":{"line":171,"column":5}},"line":164},"14":{"name":"(anonymous_14)","decl":{"start":{"line":173,"column":49},"end":{"line":173,"column":50}},"loc":{"start":{"line":173,"column":55},"end":{"line":180,"column":5}},"line":173}},"branchMap":{"0":{"loc":{"start":{"line":147,"column":8},"end":{"line":152,"column":9}},"type":"if","locations":[{"start":{"line":147,"column":8},"end":{"line":152,"column":9}},{"start":{"line":149,"column":15},"end":{"line":152,"column":9}}],"line":147},"1":{"loc":{"start":{"line":156,"column":8},"end":{"line":161,"column":9}},"type":"if","locations":[{"start":{"line":156,"column":8},"end":{"line":161,"column":9}},{"start":{"line":158,"column":15},"end":{"line":161,"column":9}}],"line":156},"2":{"loc":{"start":{"line":165,"column":8},"end":{"line":170,"column":9}},"type":"if","locations":[{"start":{"line":165,"column":8},"end":{"line":170,"column":9}},{"start":{"line":167,"column":15},"end":{"line":170,"column":9}}],"line":165},"3":{"loc":{"start":{"line":174,"column":8},"end":{"line":179,"column":9}},"type":"if","locations":[{"start":{"line":174,"column":8},"end":{"line":179,"column":9}},{"start":{"line":176,"column":15},"end":{"line":179,"column":9}}],"line":174}},"s":{"0":0,"1":0,"2":0,"3":0,"4":0,"5":0,"6":0,"7":0,"8":0,"9":0,"10":0,"11":0,"12":0,"13":0,"14":0,"15":0,"16":0,"17":0,"18":0,"19":0,"20":0,"21":0,"22":0,"23":0,"24":0,"25":0,"26":0,"27":0,"28":0,"29":0,"30":0,"31":0,"32":0,"33":0,"34":0,"35":0,"36":0,"37":0,"38":0,"39":0,"40":0,"41":0,"42":0,"43":0,"44":0,"45":0,"46":0,"47":0,"48":0,"49":0,"50":0,"51":0,"52":0,"53":0,"54":0,"55":0,"56":0,"57":0,"58":0,"59":0,"60":0,"61":0,"62":0,"63":0,"64":0,"65":0,"66":0,"67":0,"68":0,"69":0,"70":0,"71":0,"72":0,"73":0,"74":0,"75":0,"76":0,"77":0,"78":0,"79":0,"80":0,"81":0},"f":{"0":0,"1":0,"2":0,"3":0,"4":0,"5":0,"6":0,"7":0,"8":0,"9":0,"10":0,"11":0,"12":0,"13":0,"14":0},"b":{"0":[0,0],"1":[0,0],"2":[0,0],"3":[0,0]}}
}
